<?xml version="1.0" encoding="UTF-8"?>
<testsuite name="com.example.ApplicationTests" tests="0" skipped="0" failures="0" errors="0" timestamp="1970-01-01T00:00:00" hostname="SKY-20160404ATY" time="0.0">
  <properties/>
  <system-out><![CDATA[01:13:06.109 [Test worker] DEBUG org.springframework.test.context.junit4.SpringJUnit4ClassRunner - SpringJUnit4ClassRunner constructor called with [class com.example.ApplicationTests]
01:13:06.127 [Test worker] DEBUG org.springframework.test.context.BootstrapUtils - Instantiating CacheAwareContextLoaderDelegate from class [org.springframework.test.context.cache.DefaultCacheAwareContextLoaderDelegate]
01:13:06.156 [Test worker] DEBUG org.springframework.test.context.BootstrapUtils - Instantiating BootstrapContext using constructor [public org.springframework.test.context.support.DefaultBootstrapContext(java.lang.Class,org.springframework.test.context.CacheAwareContextLoaderDelegate)]
01:13:06.206 [Test worker] DEBUG org.springframework.test.context.BootstrapUtils - Instantiating TestContextBootstrapper for test class [com.example.ApplicationTests] from class [org.springframework.boot.test.context.SpringBootTestContextBootstrapper]
01:13:06.243 [Test worker] INFO org.springframework.boot.test.context.SpringBootTestContextBootstrapper - Neither @ContextConfiguration nor @ContextHierarchy found for test class [com.example.ApplicationTests], using SpringBootContextLoader
01:13:06.255 [Test worker] DEBUG org.springframework.test.context.support.AbstractContextLoader - Did not detect default resource location for test class [com.example.ApplicationTests]: class path resource [com/example/ApplicationTests-context.xml] does not exist
01:13:06.256 [Test worker] DEBUG org.springframework.test.context.support.AbstractContextLoader - Did not detect default resource location for test class [com.example.ApplicationTests]: class path resource [com/example/ApplicationTestsContext.groovy] does not exist
01:13:06.257 [Test worker] INFO org.springframework.test.context.support.AbstractContextLoader - Could not detect default resource locations for test class [com.example.ApplicationTests]: no resource found for suffixes {-context.xml, Context.groovy}.
01:13:06.259 [Test worker] INFO org.springframework.test.context.support.AnnotationConfigContextLoaderUtils - Could not detect default configuration classes for test class [com.example.ApplicationTests]: ApplicationTests does not declare any static, non-private, non-final, nested classes annotated with @Configuration.
01:13:06.368 [Test worker] DEBUG org.springframework.test.context.support.ActiveProfilesUtils - Could not find an 'annotation declaring class' for annotation type [org.springframework.test.context.ActiveProfiles] and class [com.example.ApplicationTests]
01:13:06.437 [Test worker] DEBUG org.springframework.core.env.StandardEnvironment - Adding [systemProperties] PropertySource with lowest search precedence
01:13:06.439 [Test worker] DEBUG org.springframework.core.env.StandardEnvironment - Adding [systemEnvironment] PropertySource with lowest search precedence
01:13:06.439 [Test worker] DEBUG org.springframework.core.env.StandardEnvironment - Initialized StandardEnvironment with PropertySources [systemProperties,systemEnvironment]
01:13:06.456 [Test worker] DEBUG org.springframework.core.io.support.PathMatchingResourcePatternResolver - Resolved classpath location [com/example/] to resources [URL [file:/F:/spring-boot/build/classes/test/com/example/]]
01:13:06.457 [Test worker] DEBUG org.springframework.core.io.support.PathMatchingResourcePatternResolver - Looking for matching resources in directory tree [F:\spring-boot\build\classes\test\com\example]
01:13:06.457 [Test worker] DEBUG org.springframework.core.io.support.PathMatchingResourcePatternResolver - Searching directory [F:\spring-boot\build\classes\test\com\example] for files matching pattern [F:/spring-boot/build/classes/test/com/example/*.class]
01:13:06.466 [Test worker] DEBUG org.springframework.core.io.support.PathMatchingResourcePatternResolver - Resolved location pattern [classpath*:com/example/*.class] to resources [file [F:\spring-boot\build\classes\test\com\example\ApplicationTests.class]]
01:13:06.491 [Test worker] DEBUG org.springframework.core.io.support.PathMatchingResourcePatternResolver - Resolved classpath location [com/] to resources [URL [jar:file:/C:/Program%20Files/Java/jdk1.8.0_77/jre/lib/ext/mysql-connector-java-5.1.38-bin.jar!/com/], URL [file:/F:/spring-boot/build/classes/test/com/], URL [file:/F:/spring-boot/build/classes/main/com/], URL [jar:file:/C:/Users/Administrator/.gradle/caches/modules-2/files-2.1/com.fasterxml.jackson.core/jackson-databind/2.8.1/c04eb2cc599cd1742889bfa7cc41878db0d152f5/jackson-databind-2.8.1.jar!/com/], URL [jar:file:/C:/Users/Administrator/.gradle/caches/modules-2/files-2.1/org.mongodb/mongodb-driver/3.2.2/8b5c4610953eec83435d87547d34976848508875/mongodb-driver-3.2.2.jar!/com/], URL [jar:file:/C:/Users/Administrator/.gradle/caches/modules-2/files-2.1/c3p0/c3p0/0.9.1.1/302704f30c6e7abb7a0457f7771739e03c973e80/c3p0-0.9.1.1.jar!/com/], URL [jar:file:/C:/Users/Administrator/.gradle/caches/modules-2/files-2.1/org.mongodb/mongo-java-driver/3.2.2/654b381c444d22e095363036767a52de1fda3ab0/mongo-java-driver-3.2.2.jar!/com/], URL [jar:file:/C:/Users/Administrator/.gradle/caches/modules-2/files-2.1/com.thoughtworks.proxytoys/proxytoys/1.0/d22baee6d1b98dc38a6a428f774fd9e5b2ccf4af/proxytoys-1.0.jar!/com/], URL [jar:file:/C:/Users/Administrator/.gradle/caches/modules-2/files-2.1/com.jayway.jsonpath/json-path/2.2.0/22290d17944bd239fabf5ac69005a60a7ecbbbcb/json-path-2.2.0.jar!/com/], URL [jar:file:/C:/Users/Administrator/.gradle/caches/modules-2/files-2.1/com.fasterxml/classmate/1.3.1/2ad2fd09dcf5607ca96f8ef432096a96986c40a/classmate-1.3.1.jar!/com/], URL [jar:file:/C:/Users/Administrator/.gradle/caches/modules-2/files-2.1/com.fasterxml.jackson.core/jackson-annotations/2.8.1/4465fda9834ab27eac2a76f9a378738d15a9b4fa/jackson-annotations-2.8.1.jar!/com/], URL [jar:file:/C:/Users/Administrator/.gradle/caches/modules-2/files-2.1/com.fasterxml.jackson.core/jackson-core/2.8.1/fd13b1c033741d48291315c6370f7d475a42dccf/jackson-core-2.8.1.jar!/com/], URL [jar:file:/C:/Users/Administrator/.gradle/caches/modules-2/files-2.1/org.mongodb/mongodb-driver-core/3.2.2/5fe989e7863333970ab0698f18c2ae9d3cb1b2d0/mongodb-driver-core-3.2.2.jar!/com/]]
01:13:06.493 [Test worker] DEBUG org.springframework.core.io.support.PathMatchingResourcePatternResolver - Looking for matching resources in jar file [file:/C:/Program%20Files/Java/jdk1.8.0_77/jre/lib/ext/mysql-connector-java-5.1.38-bin.jar]
01:13:06.514 [Test worker] DEBUG org.springframework.core.io.support.PathMatchingResourcePatternResolver - Looking for matching resources in directory tree [F:\spring-boot\build\classes\test\com]
01:13:06.514 [Test worker] DEBUG org.springframework.core.io.support.PathMatchingResourcePatternResolver - Searching directory [F:\spring-boot\build\classes\test\com] for files matching pattern [F:/spring-boot/build/classes/test/com/*.class]
01:13:06.515 [Test worker] DEBUG org.springframework.core.io.support.PathMatchingResourcePatternResolver - Looking for matching resources in directory tree [F:\spring-boot\build\classes\main\com]
01:13:06.515 [Test worker] DEBUG org.springframework.core.io.support.PathMatchingResourcePatternResolver - Searching directory [F:\spring-boot\build\classes\main\com] for files matching pattern [F:/spring-boot/build/classes/main/com/*.class]
01:13:06.517 [Test worker] DEBUG org.springframework.core.io.support.PathMatchingResourcePatternResolver - Looking for matching resources in jar file [file:/C:/Users/Administrator/.gradle/caches/modules-2/files-2.1/com.fasterxml.jackson.core/jackson-databind/2.8.1/c04eb2cc599cd1742889bfa7cc41878db0d152f5/jackson-databind-2.8.1.jar]
01:13:06.549 [Test worker] DEBUG org.springframework.core.io.support.PathMatchingResourcePatternResolver - Looking for matching resources in jar file [file:/C:/Users/Administrator/.gradle/caches/modules-2/files-2.1/org.mongodb/mongodb-driver/3.2.2/8b5c4610953eec83435d87547d34976848508875/mongodb-driver-3.2.2.jar]
01:13:06.557 [Test worker] DEBUG org.springframework.core.io.support.PathMatchingResourcePatternResolver - Looking for matching resources in jar file [file:/C:/Users/Administrator/.gradle/caches/modules-2/files-2.1/c3p0/c3p0/0.9.1.1/302704f30c6e7abb7a0457f7771739e03c973e80/c3p0-0.9.1.1.jar]
01:13:06.567 [Test worker] DEBUG org.springframework.core.io.support.PathMatchingResourcePatternResolver - Looking for matching resources in jar file [file:/C:/Users/Administrator/.gradle/caches/modules-2/files-2.1/org.mongodb/mongo-java-driver/3.2.2/654b381c444d22e095363036767a52de1fda3ab0/mongo-java-driver-3.2.2.jar]
01:13:06.587 [Test worker] DEBUG org.springframework.core.io.support.PathMatchingResourcePatternResolver - Looking for matching resources in jar file [file:/C:/Users/Administrator/.gradle/caches/modules-2/files-2.1/com.thoughtworks.proxytoys/proxytoys/1.0/d22baee6d1b98dc38a6a428f774fd9e5b2ccf4af/proxytoys-1.0.jar]
01:13:06.590 [Test worker] DEBUG org.springframework.core.io.support.PathMatchingResourcePatternResolver - Looking for matching resources in jar file [file:/C:/Users/Administrator/.gradle/caches/modules-2/files-2.1/com.jayway.jsonpath/json-path/2.2.0/22290d17944bd239fabf5ac69005a60a7ecbbbcb/json-path-2.2.0.jar]
01:13:06.594 [Test worker] DEBUG org.springframework.core.io.support.PathMatchingResourcePatternResolver - Looking for matching resources in jar file [file:/C:/Users/Administrator/.gradle/caches/modules-2/files-2.1/com.fasterxml/classmate/1.3.1/2ad2fd09dcf5607ca96f8ef432096a96986c40a/classmate-1.3.1.jar]
01:13:06.596 [Test worker] DEBUG org.springframework.core.io.support.PathMatchingResourcePatternResolver - Looking for matching resources in jar file [file:/C:/Users/Administrator/.gradle/caches/modules-2/files-2.1/com.fasterxml.jackson.core/jackson-annotations/2.8.1/4465fda9834ab27eac2a76f9a378738d15a9b4fa/jackson-annotations-2.8.1.jar]
01:13:06.598 [Test worker] DEBUG org.springframework.core.io.support.PathMatchingResourcePatternResolver - Looking for matching resources in jar file [file:/C:/Users/Administrator/.gradle/caches/modules-2/files-2.1/com.fasterxml.jackson.core/jackson-core/2.8.1/fd13b1c033741d48291315c6370f7d475a42dccf/jackson-core-2.8.1.jar]
01:13:06.601 [Test worker] DEBUG org.springframework.core.io.support.PathMatchingResourcePatternResolver - Looking for matching resources in jar file [file:/C:/Users/Administrator/.gradle/caches/modules-2/files-2.1/org.mongodb/mongodb-driver-core/3.2.2/5fe989e7863333970ab0698f18c2ae9d3cb1b2d0/mongodb-driver-core-3.2.2.jar]
01:13:06.612 [Test worker] DEBUG org.springframework.core.io.support.PathMatchingResourcePatternResolver - Resolved location pattern [classpath*:com/*.class] to resources []
]]></system-out>
  <system-err><![CDATA[]]></system-err>
</testsuite>
